<?xml version="1.0" encoding="UTF-8"?>
<!-- Generated by org.testng.reporters.JUnitReportReporter -->
<testsuite hostname="Navichinna" failures="0" tests="3" name="com.app.TestNgScripts.IgnoreAnnotations" time="2.719" errors="0" timestamp="2023-10-12T10:22:23 IST" skipped="2">
  <testcase classname="com.app.TestNgScripts.IgnoreAnnotations" name="login" time="2.719"/>
  <testcase classname="com.app.TestNgScripts.IgnoreAnnotations" name="logout">
    <skipped/>
  </testcase> <!-- logout -->
  <testcase classname="com.app.TestNgScripts.IgnoreAnnotations" name="GetTitle">
    <skipped/>
  </testcase> <!-- GetTitle -->
</testsuite> <!-- com.app.TestNgScripts.IgnoreAnnotations -->
