<?xml version="1.0" encoding="UTF-8"?>
<!-- Generated by org.testng.reporters.JUnitReportReporter -->
<testsuite hostname="Navichinna" failures="0" tests="8" name="TestScenario.GroupsDemo" time="0.017" errors="0" timestamp="2023-10-07T11:15:28 IST" skipped="0">
  <testcase classname="TestScenario.GroupsDemo" name="opentheAccountPage" time="0.002"/>
  <testcase classname="TestScenario.GroupsDemo" name="opentheAccountPage" time="0.007"/>
  <testcase classname="TestScenario.GroupsDemo" name="login" time="0.001"/>
  <testcase classname="TestScenario.GroupsDemo" name="Accounts" time="0.001"/>
  <testcase classname="TestScenario.GroupsDemo" name="createAccount" time="0.002"/>
  <testcase classname="TestScenario.GroupsDemo" name="createAccount" time="0.001"/>
  <testcase classname="TestScenario.GroupsDemo" name="Logout" time="0.001"/>
  <testcase classname="TestScenario.GroupsDemo" name="Logout" time="0.002"/>
</testsuite> <!-- TestScenario.GroupsDemo -->
