<?xml version="1.0" encoding="UTF-8"?>
<!-- Generated by org.testng.reporters.JUnitReportReporter -->
<testsuite hostname="Navichinna" failures="0" tests="3" name="com.app.TestNgScripts.BeforeAfterMethod" time="26.256" errors="0" timestamp="2023-10-12T10:14:14 IST" skipped="0">
  <testcase classname="com.app.TestNgScripts.BeforeAfterMethod" name="GetTitle" time="6.542"/>
  <testcase classname="com.app.TestNgScripts.BeforeAfterMethod" name="login" time="9.113"/>
  <testcase classname="com.app.TestNgScripts.BeforeAfterMethod" name="logout" time="10.601"/>
</testsuite> <!-- com.app.TestNgScripts.BeforeAfterMethod -->
