<?xml version="1.0" encoding="UTF-8"?>
<!-- Generated by org.testng.reporters.JUnitReportReporter -->
<testsuite hostname="Navichinna" failures="0" tests="2" name="com.app.TestNG.DataDrivenTesting.ParameterDemo" time="2.556" errors="0" timestamp="2023-10-12T10:12:41 IST" skipped="0">
  <testcase classname="com.app.TestNG.DataDrivenTesting.ParameterDemo" name="login" time="1.276"/>
  <testcase classname="com.app.TestNG.DataDrivenTesting.ParameterDemo" name="login" time="1.280"/>
</testsuite> <!-- com.app.TestNG.DataDrivenTesting.ParameterDemo -->
