<?xml version="1.0" encoding="UTF-8"?>
<!-- Generated by org.testng.reporters.JUnitReportReporter -->
<testsuite hostname="Navichinna" failures="0" tests="7" name="TestScenario.GroupsDemo1" time="0.009" errors="0" timestamp="2023-10-07T11:15:28 IST" skipped="0">
  <testcase classname="TestScenario.GroupsDemo1" name="openapp" time="0.001"/>
  <testcase classname="TestScenario.GroupsDemo1" name="openapp" time="0.002"/>
  <testcase classname="TestScenario.GroupsDemo1" name="loginSample1" time="0.001"/>
  <testcase classname="TestScenario.GroupsDemo1" name="loginwithInvaliddata" time="0.001"/>
  <testcase classname="TestScenario.GroupsDemo1" name="loginwithInvaliddata" time="0.001"/>
  <testcase classname="TestScenario.GroupsDemo1" name="loginwithWrongpassword" time="0.001"/>
  <testcase classname="TestScenario.GroupsDemo1" name="loginwithWrongpassword" time="0.002"/>
</testsuite> <!-- TestScenario.GroupsDemo1 -->
