<?xml version="1.0" encoding="UTF-8"?>
<!-- Generated by org.testng.reporters.JUnitReportReporter -->
<testsuite hostname="Navichinna" failures="0" tests="1" name="com.app.TestNgScripts.TestAnnotation" time="7.344" errors="0" timestamp="2023-10-07T11:00:58 IST" skipped="0">
  <testcase classname="com.app.TestNgScripts.TestAnnotation" name="login" time="7.344"/>
</testsuite> <!-- com.app.TestNgScripts.TestAnnotation -->
