<?xml version="1.0" encoding="UTF-8"?>
<!-- Generated by org.testng.reporters.JUnitReportReporter -->
<testsuite hostname="Navichinna" failures="0" tests="1" name="testNg.TestNg1" time="0.027" errors="0" timestamp="2023-10-12T10:22:40 IST" skipped="0">
  <testcase classname="testNg.TestNg1" name="method1" time="0.027"/>
</testsuite> <!-- testNg.TestNg1 -->
