<?xml version="1.0" encoding="UTF-8"?>
<!-- Generated by org.testng.reporters.JUnitReportReporter -->
<testsuite hostname="Navichinna" failures="0" tests="4" name="com.app.TestNgScripts.GroupsDemo1" time="0.013" errors="0" timestamp="2023-10-06T11:30:51 IST" skipped="0">
  <testcase classname="com.app.TestNgScripts.GroupsDemo1" name="openapp" time="0.010"/>
  <testcase classname="com.app.TestNgScripts.GroupsDemo1" name="loginSample1" time="0.001"/>
  <testcase classname="com.app.TestNgScripts.GroupsDemo1" name="loginwithInvaliddata" time="0.001"/>
  <testcase classname="com.app.TestNgScripts.GroupsDemo1" name="loginwithWrongpassword" time="0.001"/>
</testsuite> <!-- com.app.TestNgScripts.GroupsDemo1 -->
