<?xml version="1.0" encoding="UTF-8"?>
<!-- Generated by org.testng.reporters.JUnitReportReporter -->
<testsuite hostname="Navichinna" failures="0" tests="1" name="extentreportdemos.ExtentReport" time="1.214" errors="0" timestamp="2023-10-12T10:24:59 IST" skipped="0">
  <testcase classname="extentreportdemos.ExtentReport" name="extentDemo2" time="1.214"/>
</testsuite> <!-- extentreportdemos.ExtentReport -->
