<?xml version="1.0" encoding="UTF-8"?>
<!-- Generated by org.testng.reporters.JUnitReportReporter -->
<testsuite hostname="Navichinna" failures="0" tests="4" name="com.app.TestNgScripts.Paralleltest" time="21.060" errors="0" timestamp="2023-10-07T11:04:28 IST" skipped="0">
  <testcase classname="com.app.TestNgScripts.Paralleltest" name="wikiPage" time="6.852"/>
  <testcase classname="com.app.TestNgScripts.Paralleltest" name="ninjaPage" time="3.963"/>
  <testcase classname="com.app.TestNgScripts.Paralleltest" name="ninjaPage2" time="4.164"/>
  <testcase classname="com.app.TestNgScripts.Paralleltest" name="wikiPage2" time="6.081"/>
</testsuite> <!-- com.app.TestNgScripts.Paralleltest -->
