<?xml version="1.0" encoding="UTF-8"?>
<!-- Generated by org.testng.reporters.JUnitReportReporter -->
<testsuite hostname="Navichinna" failures="0" tests="3" name="extentreportdemos.TestClass" time="8.292" errors="0" timestamp="2023-10-12T10:24:39 IST" skipped="0">
  <testcase classname="extentreportdemos.TestClass" name="method1" time="3.554"/>
  <testcase classname="extentreportdemos.TestClass" name="method3" time="2.439"/>
  <testcase classname="extentreportdemos.TestClass" name="method2" time="2.299"/>
</testsuite> <!-- extentreportdemos.TestClass -->
