<?xml version="1.0" encoding="UTF-8"?>
<!-- Generated by org.testng.reporters.JUnitReportReporter -->
<testsuite hostname="Navichinna" failures="0" tests="1" name="extentreportdemos.ExtentDemoPart1" time="0.926" errors="0" timestamp="2023-10-12T10:29:30 IST" skipped="0">
  <testcase classname="extentreportdemos.ExtentDemoPart1" name="extentdemo" time="0.926"/>
</testsuite> <!-- extentreportdemos.ExtentDemoPart1 -->
