<?xml version="1.0" encoding="UTF-8"?>
<!-- Generated by org.testng.reporters.JUnitReportReporter -->
<testsuite hostname="Navichinna" failures="0" tests="5" name="com.app.TestNgScripts.GroupsDemo" time="0.044" errors="0" timestamp="2023-10-06T11:29:39 IST" skipped="0">
  <testcase classname="com.app.TestNgScripts.GroupsDemo" name="opentheAccountPage" time="0.035"/>
  <testcase classname="com.app.TestNgScripts.GroupsDemo" name="login" time="0.002"/>
  <testcase classname="com.app.TestNgScripts.GroupsDemo" name="Accounts" time="0.002"/>
  <testcase classname="com.app.TestNgScripts.GroupsDemo" name="createAccount" time="0.002"/>
  <testcase classname="com.app.TestNgScripts.GroupsDemo" name="Logout" time="0.003"/>
</testsuite> <!-- com.app.TestNgScripts.GroupsDemo -->
