<?xml version="1.0" encoding="UTF-8"?>
<!-- Generated by org.testng.reporters.JUnitReportReporter -->
<testsuite hostname="Navichinna" failures="0" tests="3" name="com.app.TestNgScripts.AfterBeforeClass" time="12.480" errors="0" timestamp="2023-10-12T10:13:36 IST" skipped="0">
  <testcase classname="com.app.TestNgScripts.AfterBeforeClass" name="GetTitle" time="0.013"/>
  <testcase classname="com.app.TestNgScripts.AfterBeforeClass" name="login" time="7.721"/>
  <testcase classname="com.app.TestNgScripts.AfterBeforeClass" name="logout" time="4.746"/>
</testsuite> <!-- com.app.TestNgScripts.AfterBeforeClass -->
